<?xml version="1.0" encoding="UTF-8"?>
<testsuite xmlns:xsi="http://www.w3.org/2001/XMLSchema-instance" xsi:noNamespaceSchemaLocation="https://maven.apache.org/surefire/maven-surefire-plugin/xsd/surefire-test-report-3.0.xsd" version="3.0" name="ie.atu.PassengerWeek6.PassengerTest" time="0.212" tests="10" errors="0" skipped="0" failures="0">
  <properties>
    <property name="java.specification.version" value="17"/>
    <property name="sun.cpu.isalist" value="amd64"/>
    <property name="sun.jnu.encoding" value="Cp1252"/>
    <property name="java.class.path" value="C:\Users\Robert\OneDrive - Atlantic TU\CICD\PasengerWeek6\target\test-classes;C:\Users\Robert\OneDrive - Atlantic TU\CICD\PasengerWeek6\target\classes;C:\Users\Robert\.m2\repository\org\junit\jupiter\junit-jupiter-api\5.9.1\junit-jupiter-api-5.9.1.jar;C:\Users\Robert\.m2\repository\org\opentest4j\opentest4j\1.2.0\opentest4j-1.2.0.jar;C:\Users\Robert\.m2\repository\org\junit\platform\junit-platform-commons\1.9.1\junit-platform-commons-1.9.1.jar;C:\Users\Robert\.m2\repository\org\apiguardian\apiguardian-api\1.1.2\apiguardian-api-1.1.2.jar;C:\Users\Robert\.m2\repository\org\junit\jupiter\junit-jupiter-engine\5.9.1\junit-jupiter-engine-5.9.1.jar;C:\Users\Robert\.m2\repository\org\junit\platform\junit-platform-engine\1.9.1\junit-platform-engine-1.9.1.jar;"/>
    <property name="java.vm.vendor" value="Oracle Corporation"/>
    <property name="sun.arch.data.model" value="64"/>
    <property name="user.variant" value=""/>
    <property name="java.vendor.url" value="https://java.oracle.com/"/>
    <property name="user.timezone" value="Europe/Dublin"/>
    <property name="os.name" value="Windows 10"/>
    <property name="java.vm.specification.version" value="17"/>
    <property name="sun.java.launcher" value="SUN_STANDARD"/>
    <property name="user.country" value="IE"/>
    <property name="sun.boot.library.path" value="C:\Users\Robert\.jdks\openjdk-17.0.1\bin"/>
    <property name="sun.java.command" value="C:\Users\Robert\AppData\Local\Temp\surefire8796992199691198483\surefirebooter-20221103214513556_3.jar C:\Users\Robert\AppData\Local\Temp\surefire8796992199691198483 2022-11-03T21-45-12_706-jvmRun1 surefire-20221103214513556_1tmp surefire_0-20221103214513556_2tmp"/>
    <property name="jdk.debug" value="release"/>
    <property name="surefire.test.class.path" value="C:\Users\Robert\OneDrive - Atlantic TU\CICD\PasengerWeek6\target\test-classes;C:\Users\Robert\OneDrive - Atlantic TU\CICD\PasengerWeek6\target\classes;C:\Users\Robert\.m2\repository\org\junit\jupiter\junit-jupiter-api\5.9.1\junit-jupiter-api-5.9.1.jar;C:\Users\Robert\.m2\repository\org\opentest4j\opentest4j\1.2.0\opentest4j-1.2.0.jar;C:\Users\Robert\.m2\repository\org\junit\platform\junit-platform-commons\1.9.1\junit-platform-commons-1.9.1.jar;C:\Users\Robert\.m2\repository\org\apiguardian\apiguardian-api\1.1.2\apiguardian-api-1.1.2.jar;C:\Users\Robert\.m2\repository\org\junit\jupiter\junit-jupiter-engine\5.9.1\junit-jupiter-engine-5.9.1.jar;C:\Users\Robert\.m2\repository\org\junit\platform\junit-platform-engine\1.9.1\junit-platform-engine-1.9.1.jar;"/>
    <property name="sun.cpu.endian" value="little"/>
    <property name="user.home" value="C:\Users\Robert"/>
    <property name="user.language" value="en"/>
    <property name="java.specification.vendor" value="Oracle Corporation"/>
    <property name="java.version.date" value="2021-10-19"/>
    <property name="java.home" value="C:\Users\Robert\.jdks\openjdk-17.0.1"/>
    <property name="file.separator" value="\"/>
    <property name="basedir" value="C:\Users\Robert\OneDrive - Atlantic TU\CICD\PasengerWeek6"/>
    <property name="java.vm.compressedOopsMode" value="32-bit"/>
    <property name="line.separator" value="&#10;"/>
    <property name="java.vm.specification.vendor" value="Oracle Corporation"/>
    <property name="java.specification.name" value="Java Platform API Specification"/>
    <property name="surefire.real.class.path" value="C:\Users\Robert\AppData\Local\Temp\surefire8796992199691198483\surefirebooter-20221103214513556_3.jar"/>
    <property name="user.script" value=""/>
    <property name="sun.management.compiler" value="HotSpot 64-Bit Tiered Compilers"/>
    <property name="java.runtime.version" value="17.0.1+12-39"/>
    <property name="user.name" value="Robert"/>
    <property name="path.separator" value=";"/>
    <property name="os.version" value="10.0"/>
    <property name="java.runtime.name" value="OpenJDK Runtime Environment"/>
    <property name="file.encoding" value="Cp1252"/>
    <property name="java.vm.name" value="OpenJDK 64-Bit Server VM"/>
    <property name="localRepository" value="C:\Users\Robert\.m2\repository"/>
    <property name="java.vendor.url.bug" value="https://bugreport.java.com/bugreport/"/>
    <property name="java.io.tmpdir" value="C:\Users\Robert\AppData\Local\Temp\"/>
    <property name="idea.version" value="2021.3.1"/>
    <property name="java.version" value="17.0.1"/>
    <property name="user.dir" value="C:\Users\Robert\OneDrive - Atlantic TU\CICD\PasengerWeek6"/>
    <property name="os.arch" value="amd64"/>
    <property name="java.vm.specification.name" value="Java Virtual Machine Specification"/>
    <property name="sun.os.patch.level" value=""/>
    <property name="native.encoding" value="Cp1252"/>
    <property name="java.library.path" value="C:\Users\Robert\.jdks\openjdk-17.0.1\bin;C:\WINDOWS\Sun\Java\bin;C:\WINDOWS\system32;C:\WINDOWS;C:\Program Files (x86)\VMware\VMware Player\bin\;C:\Program Files (x86)\Common Files\Oracle\Java\javapath;c:\Software\octave3.6.4\bin;C:\Program Files (x86)\Qucs\bin;C:\WINDOWS\system32;C:\WINDOWS;C:\WINDOWS\System32\Wbem;C:\WINDOWS\System32\WindowsPowerShell\v1.0\;C:\WINDOWS\System32\OpenSSH\;C:\Program Files (x86)\mingw32\bin;c:\iverilog\bin;c:\iverilog\gtkwave\bin;C:\Program Files\Git\cmd;C:\Program Files (x86)\AOMEI\AOMEI Backupper\6.9.2;C:\Program Files (x86)\dotnet\;C:\Program Files\dotnet\;C:\Program Files\PuTTY\;C:\Users\Robert\AppData\Local\Microsoft\WindowsApps;;."/>
    <property name="java.vm.info" value="mixed mode, sharing"/>
    <property name="java.vendor" value="Oracle Corporation"/>
    <property name="java.vm.version" value="17.0.1+12-39"/>
    <property name="sun.io.unicode.encoding" value="UnicodeLittle"/>
    <property name="java.class.version" value="61.0"/>
  </properties>
  <testcase name="testNameFail" classname="ie.atu.PassengerWeek6.PassengerTest" time="0.1">
    <system-out><![CDATA[Minimum of three characters required
]]></system-out>
  </testcase>
  <testcase name="testTitleFail" classname="ie.atu.PassengerWeek6.PassengerTest" time="0">
    <system-out><![CDATA[Title must be Mr, Mrs or Ms
]]></system-out>
  </testcase>
  <testcase name="testAgeFail" classname="ie.atu.PassengerWeek6.PassengerTest" time="0.008">
    <system-out><![CDATA[Must be over 16 to fly
]]></system-out>
  </testcase>
  <testcase name="testAge" classname="ie.atu.PassengerWeek6.PassengerTest" time="0.023">
    <system-out><![CDATA[Passenger{title='Mr', name='Ted', id=1234567890, phone=1234567, age=20}
]]></system-out>
  </testcase>
  <testcase name="testPhone" classname="ie.atu.PassengerWeek6.PassengerTest" time="0">
    <system-out><![CDATA[Passenger{title='Mr', name='Ted', id=1234567890, phone=1234567, age=20}
]]></system-out>
  </testcase>
  <testcase name="testTitle" classname="ie.atu.PassengerWeek6.PassengerTest" time="0.003">
    <system-out><![CDATA[Passenger{title='Mr', name='Ted', id=1234567890, phone=1234567, age=20}
]]></system-out>
  </testcase>
  <testcase name="testName" classname="ie.atu.PassengerWeek6.PassengerTest" time="0.006">
    <system-out><![CDATA[Passenger{title='Mr', name='Ted', id=1234567890, phone=1234567, age=20}
]]></system-out>
  </testcase>
  <testcase name="testID" classname="ie.atu.PassengerWeek6.PassengerTest" time="0">
    <system-out><![CDATA[Passenger{title='Mr', name='Ted', id=1234567890, phone=1234567, age=20}
]]></system-out>
  </testcase>
  <testcase name="testPhoneFail" classname="ie.atu.PassengerWeek6.PassengerTest" time="0">
    <system-out><![CDATA[Minimum of seven characters required
]]></system-out>
  </testcase>
  <testcase name="testIDFail" classname="ie.atu.PassengerWeek6.PassengerTest" time="0">
    <system-out><![CDATA[Minimum of ten characters required
]]></system-out>
  </testcase>
</testsuite>